0: log file opened: /var/log/turn_1440_2019-05-08.log
0: Listener address to use: 1.1.1.1
0: Relay address to use: 1.1.1.1
0: Config file found: /etc/turnserver.conf
0: 
RFC 3489/5389/5766/5780/6062/6156 STUN/TURN Server
Version Coturn-4.5.1.1 'dan Eider'
0: 
Max number of open files/sockets allowed for this process: 3200
0: 
Due to the open files/sockets limitation,
max supported number of TURN Sessions possible is: 1000 (approximately)
0: 

==== Show him the instruments, Practical Frost: ====

0: TLS supported
0: DTLS supported
0: DTLS 1.2 supported
0: TURN/STUN ALPN supported
0: Third-party authorization (oAuth) supported
0: GCM (AEAD) supported
0: OpenSSL compile-time version: OpenSSL 1.1.1b  26 Feb 2019 (0x1010102f)
0: 
0: SQLite is not supported
0: Redis is not supported
0: PostgreSQL supported
0: MySQL supported
0: MongoDB is not supported
0: 
0: Default Net Engine version: 2 (UDP thread per network endpoint)

=====================================================

0: Domain name: 
0: Default realm: 1.1.1.1
0: 
CONFIG ERROR: Empty cli-password, and so telnet cli interface is disabled! Please set a non empty cli-password!
0: 
CONFIGURATION ALERT: you specified long-term user accounts, (-u option) 
	but you did not specify the long-term credentials option
	(-a or --lt-cred-mech option).
 	I am turning --lt-cred-mech ON for you, but double-check your configuration.
0: WARNING: cannot find certificate file: turn_server_cert.pem (1)
0: WARNING: cannot start TLS and DTLS listeners because certificate file is not set properly
0: WARNING: cannot find private key file: turn_server_pkey.pem (1)
0: WARNING: cannot start TLS and DTLS listeners because private key file is not set properly
0: pid file created: /var/run/turnserver.pid
0: IO method (main listener thread): poll
